CRITICAL - 2022-08-24 11:59:13 --> Call to a member function getProduto() on null
in APPPATH\Controllers\ProdutosController.php on line 21.
 1 SYSTEMPATH\CodeIgniter.php(896): App\Controllers\ProdutosController->produto('1')
 2 SYSTEMPATH\CodeIgniter.php(466): CodeIgniter\CodeIgniter->runController(Object(App\Controllers\ProdutosController))
 3 SYSTEMPATH\CodeIgniter.php(349): CodeIgniter\CodeIgniter->handleRequest(null, Object(Config\Cache), false)
 4 FCPATH\index.php(55): CodeIgniter\CodeIgniter->run()
 5 SYSTEMPATH\Commands\Server\rewrite.php(43): require_once('FCPATH\\index.php')
CRITICAL - 2022-08-24 11:59:15 --> Call to a member function getProduto() on null
in APPPATH\Controllers\ProdutosController.php on line 21.
 1 SYSTEMPATH\CodeIgniter.php(896): App\Controllers\ProdutosController->produto('1')
 2 SYSTEMPATH\CodeIgniter.php(466): CodeIgniter\CodeIgniter->runController(Object(App\Controllers\ProdutosController))
 3 SYSTEMPATH\CodeIgniter.php(349): CodeIgniter\CodeIgniter->handleRequest(null, Object(Config\Cache), false)
 4 FCPATH\index.php(55): CodeIgniter\CodeIgniter->run()
 5 SYSTEMPATH\Commands\Server\rewrite.php(43): require_once('FCPATH\\index.php')
CRITICAL - 2022-08-24 11:59:15 --> Call to a member function getProduto() on null
in APPPATH\Controllers\ProdutosController.php on line 21.
 1 SYSTEMPATH\CodeIgniter.php(896): App\Controllers\ProdutosController->produto('1')
 2 SYSTEMPATH\CodeIgniter.php(466): CodeIgniter\CodeIgniter->runController(Object(App\Controllers\ProdutosController))
 3 SYSTEMPATH\CodeIgniter.php(349): CodeIgniter\CodeIgniter->handleRequest(null, Object(Config\Cache), false)
 4 FCPATH\index.php(55): CodeIgniter\CodeIgniter->run()
 5 SYSTEMPATH\Commands\Server\rewrite.php(43): require_once('FCPATH\\index.php')
